C51 COMPILER V9.52.0.0   ISR                                                               11/13/2024 09:28:58 PAGE 1   


C51 COMPILER V9.52.0.0, COMPILATION OF MODULE ISR
OBJECT MODULE PLACED IN .\obj\isr.obj
COMPILER INVOKED BY: D:\keil\C51\BIN\C51.EXE src\isr.c LARGE OMF2 BROWSE INCDIR(.\src) DEBUG PRINT(.\lst\isr.lst) TABS(2
                    -) OBJECT(.\obj\isr.obj)

line level    source

   1          #include "CBM7216.h"
   2          #include "rtc.h"
   3          #include "uart1.h"
   4          
   5          
   6          uint16 count = 0;
   7          uint8 flag = 0;
   8          
   9          
  10          /*********************************************************************************** 
  11          Function   : void EXT0_IRQHandler(void)
  12          Description: 系统中断0入口函数
  13          Input      : No      
  14          Output     : No                   
  15          Return     : No
  16          ************************************************************************************/
  17          void EXT0_IRQHandler(void) interrupt 0
  18          {
  19   1        /*---外部中断0---*/
  20   1          if(0x01 == IRQ0SR_XINT0)
  21   1          {   
  22   2              IRQ0SR_XINT0 = 0;
  23   2              
  24   2          }
  25   1          
  26   1          /*---T3中断0---*/
  27   1          if(0x02 == IRQ0SR_TCM3INT0) 
  28   1          { 
  29   2            T3SR_INT0SR = 0 << 0; //清T3中断0标志位
  30   2      
  31   2            /*中断处理程序......*/
  32   2          }
  33   1          
  34   1            /*---WDT中断---*/ 
  35   1          if(0x04 == IRQ0SR_WDTINT) 
  36   1          {
  37   2            if(0x01 == WDTSR_WDTINT) 
  38   2            {
  39   3              WDTSR_WDTINT = 0;
  40   3              P2_0 = ~P2_0;
  41   3              UartPrintf("Run");            //中断测试
  42   3              UartPrintf("\r\n");
  43   3              /* 中断处理程序......*/     
  44   3            }
  45   2          }
  46   1          
  47   1          /*---LVD中断---*/
  48   1          if(0x08 == IRQ0SR_LVDINT)
  49   1          {
  50   2              if(LVDCR_LVDSR==0x80)
  51   2              {
  52   3                  LVDCR_LVDSR=0;//必须手动清除，否则会一直响应中断
  53   3              }
  54   2          }
C51 COMPILER V9.52.0.0   ISR                                                               11/13/2024 09:28:58 PAGE 2   

  55   1      }
  56          
  57          /*********************************************************************************** 
  58          Function   : void EXT1_IRQHandler(void)
  59          Description: 系统中断1入口函数
  60          Input      : No      
  61          Output     : No                   
  62          Return     : No
  63          ************************************************************************************/
  64          void EXT1_IRQHandler(void)  interrupt 1
  65          {
  66   1      //  static uint16 timer3_cnt1 = 0;
  67   1          /*---外部中断1---*/
  68   1          if(0x01 == IRQ1SR_XINT1)
  69   1          {   
  70   2              IRQ1SR_XINT1 = 0;
  71   2        
  72   2          }
  73   1      
  74   1          if(0x02 == IRQ1SR_TCM3INT1) //T3中断1 
  75   1          { 
  76   2            T3SR_INT1SR = 0 << 1;   //清T3中断1标志位
  77   2      
  78   2            /*中断处理程序......*/  
  79   2          }
  80   1      
  81   1      //  if(0x04 == IRQ1SR_SADCINT)
  82   1        
  83   1          /*---ESD中断---*/
  84   1          if(0x08 == IRQ1SR_ESDINT)
  85   1          {
  86   2              IRQ1SR_ESDINT = 1 ;//写1清零
  87   2              if(MISCR3_ESDSR ==0x04)
  88   2              {
  89   3                  MISCR3_ESDSR = 0 ; //必须手动清除，否则会一直响应中断
  90   3              }
  91   2          }
  92   1      }
  93          
  94          /*********************************************************************************** 
  95          Function   : void EXT2_IRQHandler(void)
  96          Description: 系统中断2入口函数
  97          Input      : No      
  98          Output     : No                   
  99          Return     : No
 100          ************************************************************************************/
 101          void EXT2_IRQHandler(void)  interrupt 2 
 102          {
 103   1          /*---外部中断2---*/
 104   1          if(0x01 == IRQ2SR_XINT2)
 105   1          {
 106   2              IRQ2SR_XINT2 = 0;
 107   2          /*中断处理程序......*/
 108   2            
 109   2          }
 110   1      
 111   1          if(0x02 == IRQ2SR_TCM0INT) //T0中断
 112   1          {     
 113   2            T0SR_INTSR = 0 << 0; //清T0中断标志位
 114   2                /*中断处理程序......*/
 115   2          }
 116   1      
C51 COMPILER V9.52.0.0   ISR                                                               11/13/2024 09:28:58 PAGE 3   

 117   1          if(0x04 == IRQ2SR_RTCINT) 
 118   1          {
 119   2            if(0x01 == RTCSR_INTSSR) 
 120   2            {
 121   3              RTCSR_INTSSR = 0 << 0;
 122   3              /*中断处理程序......*/
 123   3            } 
 124   2            if(0x02 == RTCSR_INTMSR) 
 125   2            {
 126   3              RTCSR_INTMSR = 0 << 1;           
 127   3              /*中断处理程序......*/
 128   3            }
 129   2            if(0x04 == RTCSR_INTHSR) 
 130   2            {
 131   3              RTCSR_INTHSR = 0 << 2;
 132   3              /*中断处理程序......*/
 133   3            }
 134   2            if(0x08 == RTCSR_INTDSR) 
 135   2            {
 136   3              RTCSR_INTDSR = 0 << 3;
 137   3              /*中断处理程序......*/
 138   3            }
 139   2            if(0x10 == RTCSR_INTCSR)  
 140   2            {
 141   3              RTCSR_INTCSR = 0 << 4;
 142   3              /*中断处理程序......*/
 143   3            }     
 144   2          }
 145   1          if(0x08 == IRQ2SR_UART3INT) //UART3中断
 146   1          {     
 147   2              if(0x08 == USR3_RXREADY)
 148   2              {     
 149   3                USR3=0x08;
 150   3                /*中断处理程序......*/ 
 151   3              }
 152   2              if(0x80 == USR3_RXTMOUT)
 153   2              {
 154   3                USR3 = 0x80 ;//写1清0，否则会一直进中断
 155   3                /*中断处理程序......*/ 
 156   3              }
 157   2          } 
 158   1      
 159   1          if(0x10 == IRQ2SR_SYSCLKFINT)
 160   1          {
 161   2              MISCR3_SYSCLKFINTSR = 0;
 162   2          /*中断处理程序......*/
 163   2          }
 164   1      }
 165          
 166          /*********************************************************************************** 
 167          Function   : void EXT3_IRQHandler(void)
 168          Description: 系统中断3入口函数
 169          Input      : No      
 170          Output     : No                   
 171          Return     : No
 172          ************************************************************************************/
 173          void EXT3_IRQHandler(void) interrupt 3
 174          {   
 175   1        /*---外部中断3---*/
 176   1          if(0x01 == IRQ3SR_XINT3)
 177   1          {   
 178   2              IRQ3SR_XINT3 = 0;
C51 COMPILER V9.52.0.0   ISR                                                               11/13/2024 09:28:58 PAGE 4   

 179   2          /*中断处理程序......*/
 180   2          }
 181   1          if(0x08 == IRQ3SR_TCM2INT1)//T2中断1 
 182   1          {
 183   2            T2SR_INT1SR=0;
 184   2            /*中断处理程序......*/    
 185   2          }
 186   1      
 187   1          if(0x02 == IRQ3SR_TCM1INT)//T1中断 
 188   1          {     
 189   2            T1SR_INTSR = 0 << 0;    //清T1中断标志位
 190   2            if(++count >= 5)
 191   2            {
 192   3                count = 0;
 193   3                flag = 1;
 194   3            }
 195   2      
 196   2             //中断处理程序......
 197   2          }
 198   1      
 199   1          if(0x04 == IRQ3SR_UART1INT) //判断是否是uart中断 
 200   1          {     
 201   2            if(0x08 == USR1_RXREADY) 
 202   2            {     
 203   3              USR1=0x08;
 204   3              /*中断处理程序......*/        
 205   3            } 
 206   2            if(0x80 == USR1_RXTMOUT)
 207   2            {
 208   3              USR1 = 0x80 ;//写1清0，否则会一直进中断 
 209   3              /*中断处理程序......*/      
 210   3            }
 211   2            
 212   2          }
 213   1      }
 214          
 215          /*********************************************************************************** 
 216          Function   : void EXT4_IRQHandler(void)
 217          Description: 系统中断4入口函数
 218          Input      : No      
 219          Output     : No                   
 220          Return     : No
 221          ************************************************************************************/
 222          void EXT4_IRQHandler(void) interrupt 4 
 223          {
 224   1        /*---外部中断4---*/
 225   1          if(0x01 == IRQ4SR_XINT4)
 226   1          {  
 227   2              IRQ4SR_XINT4 = 0;
 228   2            
 229   2          }
 230   1      
 231   1          if(0x02 == IRQ4SR_TCM2INT0)//T2中断 
 232   1          { 
 233   2            T2SR_INT0SR = 0 << 0;   //清T2中断标志位             
 234   2            //中断处理程序......
 235   2          }
 236   1      
 237   1          if(0x04 == IRQ4SR_ADCINT)//ADC转换完成中断标志
 238   1          {
 239   2              IRQ4SR_ADCINT = 0;
 240   2      //        ADCSR_SAMPEND = 0 ;//清转换完成标志
C51 COMPILER V9.52.0.0   ISR                                                               11/13/2024 09:28:58 PAGE 5   

 241   2      //        g_adcDat = ADCDRH;
 242   2      //        g_adcDat <<= 8;
 243   2      //        g_adcDat |= ADCDRL;
 244   2      //        g_adcDatFlg = 1;
 245   2          }
 246   1        
 247   1          if(0x08 == IRQ4SR_UART2INT) //判断是否是uart中断 
 248   1          {     
 249   2            if(0x08 == USR2_RXREADY) 
 250   2            {   
 251   3              USR2=0x08;
 252   3              /*中断处理程序......*/  
 253   3            }
 254   2            if(0x80 == USR2_RXTMOUT)
 255   2            {
 256   3              USR2 = 0x80 ;//写1清0，否则会一直进中断
 257   3              /*中断处理程序......*/ 
 258   3            }     
 259   2          }
 260   1      }
 261          
 262          /*********************************************************************************** 
 263          Function   : void EXT5_IRQHandler(void)
 264          Description: 系统中断5入口函数
 265          Input      : No      
 266          Output     : No                   
 267          Return     : No
 268          ************************************************************************************/
 269          void EXT5_IRQHandler(void) interrupt 5 
 270          {
 271   1        /*---外部中断5---*/
 272   1          if(0x01 == IRQ5SR_XINT5)
 273   1          {  
 274   2              IRQ5SR_XINT5 = 0;
 275   2              
 276   2          }
 277   1      
 278   1          if(0x02 == IRQ5SR_I2CSINT)//I2C从机中断
 279   1          {
 280   2            if(I2CSSR_RXDATA == 0x02)//I2C接收数据中断
 281   2            {
 282   3              I2CSSR_RXDATA = 0;
 283   3            }
 284   2          }
 285   1        
 286   1          if(0x04 == IRQ5SR_SPIINT)//SPI中断
 287   1          {
 288   2                
 289   2          }
 290   1          
 291   1          if(0x08 == IRQ5SR_I2CMINT)//I2C主机中断
 292   1          {
 293   2                
 294   2          }
 295   1      }


MODULE INFORMATION:   STATIC OVERLAYABLE
   CODE SIZE        =    608    ----
   CONSTANT SIZE    =      7    ----
   XDATA SIZE       =      3    ----
   PDATA SIZE       =   ----    ----
C51 COMPILER V9.52.0.0   ISR                                                               11/13/2024 09:28:58 PAGE 6   

   DATA SIZE        =   ----    ----
   IDATA SIZE       =   ----    ----
   BIT SIZE         =   ----    ----
   EDATA SIZE       =   ----    ----
   HDATA SIZE       =   ----    ----
   XDATA CONST SIZE =   ----    ----
   FAR CONST SIZE   =   ----    ----
END OF MODULE INFORMATION.


C51 COMPILATION COMPLETE.  0 WARNING(S),  0 ERROR(S)
