C51 COMPILER V9.52.0.0   MAIN                                                              11/13/2024 09:28:58 PAGE 1   


C51 COMPILER V9.52.0.0, COMPILATION OF MODULE MAIN
OBJECT MODULE PLACED IN .\obj\main.obj
COMPILER INVOKED BY: D:\keil\C51\BIN\C51.EXE src\main.c LARGE OMF2 BROWSE INCDIR(.\src) DEBUG PRINT(.\lst\main.lst) TABS
                    -(2) OBJECT(.\obj\main.obj)

line level    source

   1          #include "include.h"
   2          
   3          
   4          
   5          
   6          void main()
   7          {
   8   1        uint8 i;
   9   1        sysClkInit(0x01,0x00,0x00,0x00);//IHpllclksel-16m；sysclksel-IH；mclkDiv-1分频；sclk1Div-1分频；
  10   1        ioPortInit();
  11   1        User_IOInit();
  12   1        Timer1Init(125,0,0x06);                        //1ms
  13   1        
  14   1        Uart1Init(0x08,0x8A,200);             //使能uart中断，115200bps 8bit数据位 1bit停止位 无奇偶校验位  
  15   1        P00IOCFG = 0x27; //配置P00通用串口1输出
  16   1        P01IOCFG = 0x33; //配置P01通用串口1输入 
  17   1        
  18   1        wdtInit(0x0c,0x02); //(2^12)*（2+1）*160us
  19   1        
  20   1        
  21   1      
  22   1        while(1)
  23   1        {
  24   2          
  25   2          wdtClear();
  26   2      
  27   2      
  28   2        }
  29   1      }
*** WARNING C280 IN LINE 8 OF src\main.c: 'i': unreferenced local variable


MODULE INFORMATION:   STATIC OVERLAYABLE
   CODE SIZE        =     62    ----
   CONSTANT SIZE    =   ----    ----
   XDATA SIZE       =   ----       1
   PDATA SIZE       =   ----    ----
   DATA SIZE        =   ----    ----
   IDATA SIZE       =   ----    ----
   BIT SIZE         =   ----    ----
   EDATA SIZE       =   ----    ----
   HDATA SIZE       =   ----    ----
   XDATA CONST SIZE =   ----    ----
   FAR CONST SIZE   =   ----    ----
END OF MODULE INFORMATION.


C51 COMPILATION COMPLETE.  1 WARNING(S),  0 ERROR(S)
