C51 COMPILER V9.52.0.0   RTC                                                               11/12/2024 16:23:44 PAGE 1   


C51 COMPILER V9.52.0.0, COMPILATION OF MODULE RTC
OBJECT MODULE PLACED IN .\obj\rtc.obj
COMPILER INVOKED BY: D:\keil\C51\BIN\C51.EXE src\rtc.c LARGE OMF2 BROWSE INCDIR(.\src) DEBUG PRINT(.\lst\rtc.lst) TABS(2
                    -) OBJECT(.\obj\rtc.obj)

line level    source

   1          #include "CBM7216.h"
   2          
   3          
   4          
   5          /****************************************************************************************  
   6          function ：RTC初始化
   7          *****************************************************************************************/
   8          void RtcInit(void)
   9          {
  10   1      //    MISCR2_RTCCLKSEL = 0 << 5;      //选择内部100K时钟作为工作时钟,0-内部时钟，1-外部晶振
  11   1          RTCCR = 0;                      //不使能RTC
  12   1          RTCSR = 0x00;                   //清标志位
  13   1          RTCCR = 0x7f;                   //使能所有RTC中断
  14   1          IRQ2ER_RTCINT = 1 << 2;         //使能外设模块中断
  15   1          EX2 = 1;                        //内核中断
  16   1          EA = 1;                         //总中断    
  17   1          //RTCCR_RTCEN = 1 << 7;        //使能RTC
  18   1      }
  19          
  20          /****************************************************************************************  
  21          function ：RTC时间设置
  22          *****************************************************************************************/
  23          void RtcSetTime(uint8 hour,uint8 mimute,uint8 second)
  24          {
  25   1        while(RTCSR_SETEN == 0); //查看一次只能配置一个寄存器
  26   1          RTCHDR = hour;
  27   1        while(RTCSR_SETEN == 0);
  28   1          RTCMDR = mimute;
  29   1        while(RTCSR_SETEN == 0);
  30   1          RTCSDR = second;
  31   1      }
  32          
  33          
  34          /****************************************************************************************   
  35          function ：RTC时间读取
  36          parameter：
  37              timer：读取时钟缓冲区（数组）
  38          *****************************************************************************************/
  39          void RtcReadTime(uint8 *timer)
  40          {
  41   1        do {*timer =RTCHDR ;}      //读一次判断读到的和目前是否一直，如果不一样则一直读
  42   1           while( *timer != RTCHDR);
  43   1        timer++;
  44   1        do {*timer =RTCMDR ;}
  45   1           while( *timer != RTCMDR);
  46   1        timer++;
  47   1        do {*timer =RTCSDR ;}
  48   1           while( *timer != RTCSDR);
  49   1      
  50   1      }
  51          
  52          /****************************************************************************************    
  53          function ：RTC闹钟时间设置
  54          parameter： hour,mimute,second
C51 COMPILER V9.52.0.0   RTC                                                               11/12/2024 16:23:44 PAGE 2   

  55              
  56          *****************************************************************************************/
  57          void RtcSetClockTime(uint8 hour,uint8 mimute,uint8 second)
  58          {
  59   1        while(RTCSR_SETEN == 0);
  60   1          RTCAHDR = hour;
  61   1        while(RTCSR_SETEN == 0);
  62   1          RTCAMDR = mimute;
  63   1        while(RTCSR_SETEN == 0);
  64   1          RTCASDR = second;
  65   1      }
  66          
  67          
  68          /****************************************************************************************     
  69          function ：RTC闹钟时间读取
  70          parameter：
  71              timer：读取时钟缓冲区（数组）
  72          *****************************************************************************************/
  73          void RtcReadClockTime(uint8 *timer)
  74          {
  75   1          do {*timer =RTCAHDR ;}      //读一次判断读到的和目前是否一直，如果不一样则一直读
  76   1           while( *timer != RTCAHDR);
  77   1        timer++;
  78   1        do {*timer =RTCAMDR ;}
  79   1           while( *timer != RTCAMDR);
  80   1        timer++;
  81   1        do {*timer =RTCASDR ;}
  82   1           while( *timer != RTCASDR);
  83   1        
  84   1      }
  85          
  86          
  87          
  88          /****************************************************************************************   
  89          function ：开启RTC  (一般初始配置时间时先关闭RTC，减少时钟和闹钟之间的误差)
  90          *****************************************************************************************/
  91          void RtcOpen(void)
  92          {
  93   1           RTCCR_RTCEN = 1 << 7;       //使能RTC
  94   1      }
  95          
  96          
  97          /****************************************************************************************    
  98          function ：关闭RTC
  99          *****************************************************************************************/
 100          void RtcClose(void)
 101          {
 102   1           RTCCR_RTCEN = 0 << 7;       //禁止使能RTC
 103   1      }


MODULE INFORMATION:   STATIC OVERLAYABLE
   CODE SIZE        =    245    ----
   CONSTANT SIZE    =   ----    ----
   XDATA SIZE       =   ----    ----
   PDATA SIZE       =   ----    ----
   DATA SIZE        =   ----    ----
   IDATA SIZE       =   ----    ----
   BIT SIZE         =   ----    ----
   EDATA SIZE       =   ----    ----
   HDATA SIZE       =   ----    ----
   XDATA CONST SIZE =   ----    ----
C51 COMPILER V9.52.0.0   RTC                                                               11/12/2024 16:23:44 PAGE 3   

   FAR CONST SIZE   =   ----    ----
END OF MODULE INFORMATION.


C51 COMPILATION COMPLETE.  0 WARNING(S),  0 ERROR(S)
