C51 COMPILER V9.52.0.0   SYSINIT                                                           11/13/2024 09:06:20 PAGE 1   


C51 COMPILER V9.52.0.0, COMPILATION OF MODULE SYSINIT
OBJECT MODULE PLACED IN .\obj\sysinit.obj
COMPILER INVOKED BY: D:\keil\C51\BIN\C51.EXE src\sysinit.c LARGE OMF2 BROWSE INCDIR(.\src) DEBUG PRINT(.\lst\sysinit.lst
                    -) TABS(2) OBJECT(.\obj\sysinit.obj)

line level    source

   1          /************************************************************************************************ 
   2            Company: Shenzhen Chipsbank Technologies Co., Ltd
   3            FileName: sysinit.c  
   4            Author: joe.huang        
   5            Version : V1.0      
   6            Date: 20191022  
   7            Description: 系统相关时钟初始化、Io口初始化
   8          
   9            Function List:
  10                  uint8 sysClkInit(uint8 IHpllclksel, uint8 sysclksel, uint8 mclkDiv, uint8 sclk1Div)
  11                  void ioPortInit(void);
  12          
  13            History: //历史修改记录   
  14            <author>    <time>      <Re_version >     <desc>  
  15            Joe.huang   20191022    V1.0          初版 
  16                
  17          *************************************************************************************************/
  18          #include "CBM7216.h"
  19          #include "intrins.h"
  20          
  21          /*********************************************************************************** 
  22          Function   : uint8 sysClkInit(uint8 IHpllclksel, uint8 sysclk_TLclksel, uint8 mclkDiv, uint8 sclk1Div)
  23          Description: 系统时钟初始化
  24          Input      : 
  25                       IHpllclksel: 内部高速PLL时钟源选择 0-24M；1-16M
  26              
  27                       TLclk_sysclksel: 
  28                      bit7：TLclksel-timer低速时钟选择； 0-1Mhz; 1-100Khz
  29                      bit0：sysclksel-系统时钟源选择； 0-IH（内部高速时钟）；1-IL（内部低速时钟1M）
  30                  
  31                       mclkDiv    ：系统main时钟分频器（0~31）  MCLK=SCLK/(mclkDiv+1)
  32                 
  33                       sclk1Div   ：系统副时钟1分频器（0-3） sclk1=SCLK/(sclk1Div+1)
  34          Output     : No                   
  35          Return     : retOSC: 系统所选时钟源1-1M; 16-16M；24-24M
  36          ************************************************************************************/
  37          uint8 sysClkInit(uint8 IHpllclksel, uint8 TLclk_sysclksel, uint8 mclkDiv, uint8 sclk1Div)
  38          {
  39   1        uint8 retOSCV = 0;
  40   1        uint8 sysclksel;
  41   1        uint8 TLclksel;
  42   1        
  43   1        IHpllclksel &= 0x01;//内部高速PLL时钟源选择 0-24M；1-16M
  44   1        TLclksel = (TLclk_sysclksel&0x80)>>7;//timer低速时钟选择； 0-1Mhz; 1-100Khz
  45   1        sysclksel = TLclk_sysclksel&0x01;//系统时钟源选择；0-IH（内部高速时钟）；1-IL（内部低速时钟1M）
  46   1        if(sysclksel)
  47   1        {
  48   2          retOSCV = 1;//1M
  49   2        }
  50   1        else
  51   1        {
  52   2          if(IHpllclksel)
  53   2          {
  54   3            retOSCV = 16;//16M
C51 COMPILER V9.52.0.0   SYSINIT                                                           11/13/2024 09:06:20 PAGE 2   

  55   3          }
  56   2          else
  57   2          {
  58   3            retOSCV = 24;//24M
  59   3          }
  60   2        }
  61   1        
  62   1        MDLCKCR_IOCEN = 0x01<<3;
  63   1        MISCR2_IHCLKEN = 1<<0;//使能内部高速时钟
  64   1        IHPLLCLKSELCR = IHpllclksel;//选择内部高速时钟：0-24m(默认值0) 1-16m
  65   1        MISCR1_SYSCLKSEL = sysclksel<<4;//选择系统时钟源  0-IH（内部高速时钟-默认值0）；1-IL（内部低速时钟1M）
  66   1        _nop_();_nop_();_nop_();_nop_();_nop_();//等待OSC稳定
  67   1        _nop_();_nop_();_nop_();_nop_();_nop_();//等待OSC稳定
  68   1        _nop_();_nop_();_nop_();_nop_();_nop_();//等待OSC稳定
  69   1        _nop_();_nop_();_nop_();_nop_();_nop_();//等待OSC稳定
  70   1        _nop_();_nop_();_nop_();_nop_();_nop_();//等待OSC稳定
  71   1        _nop_();_nop_();_nop_();_nop_();_nop_();//等待OSC稳定
  72   1        _nop_();_nop_();_nop_();_nop_();_nop_();//等待OSC稳定
  73   1        _nop_();_nop_();_nop_();_nop_();_nop_();//等待OSC稳定 
  74   1        CKDIVCR_MCLKDIV = (mclkDiv&31)<<0;//MCLK
  75   1        MISCR2_SCLK1DIV = (sclk1Div&3)<<6; //SCLK1：外设计数时钟
  76   1        CKDIVCR_ILCLKDIV = (0&7)<<6; //SCLK2：1M低速时钟
  77   1                      //0-1分频-1M；1-2分频-500K；2-4分频-250K；3-8分频-125K；
  78   1                      //4-10分频-100K；5-16分频=62.5k；6-32分频=31.25k；7-64分频=15.625k；
  79   1        MDLCKCR_TLCKSEL = TLclksel<<7;//timer低速时钟选择 0-1Mhz; 1-100Khz
  80   1        RTCCLKSELR = 1;//=0-RTC选择30K时钟（支持低功耗下RTC继续工作）；=1-RTC选择100K时钟
  81   1          
  82   1        //IHPLL监测功能
  83   1        MISCR2_IHCLKCHKEN = 0<<1;//使能PLL出错自动重启（默认值0）
  84   1        MISCR2_SYSCLKSWITCHEN = 0<<3;//IHCLK出错时自动切换到1MHZ
  85   1        MISCR3_SYSCLKFINTEN = 1<<5;
  86   1        IRQ2ER_SYSCLKFINTEN = 1<<4;
  87   1        
  88   1        if(((ECCCR&0x0D)!=0x05) && ((ECCCR&0x0D)!=0x09))//只有没开ecc时，才可以打开MISCR_FMFIFOEN、MISCR_FMULRDEN
  89   1        {
  90   2            MISCR1_FMFIFOEN = 0x01<<3 ; //flash重读机制采用流水取指操作
  91   2            MISCR1_FMULRDEN = 0x01<<2 ; //开flash重读机制
  92   2        }
  93   1        
  94   1        return retOSCV;
  95   1      }
  96          /*********************************************************************************** 
  97          Function   : void ioPortInit(void)
  98          Description: Io端口配置（功能重映射、电流大小、上拉电阻大小、上下拉使能、开漏使能、数据、方向选择）
  99          Input      : No      
 100          Output     : No                   
 101          Return     : No
 102          ************************************************************************************/
 103          void ioPortInit(void)
 104          {
 105   1        MDLCKCR_IOCEN = 0x01<<3 ;
 106   1          /*----------IoPort Remap Config----------*/
 107   1         //P00/P01 Por default debug_uart(0x01/0x30), others Por default IoPort(0x00)
 108   1        P00IOCFG=0X01 ;//调试串口输出
 109   1        P01IOCFG=0X30 ;//调试串口输入
 110   1        P02IOCFG=0X00 ;
 111   1        P03IOCFG=0X00 ;
 112   1        P04IOCFG=0X00 ;
 113   1        P05IOCFG=0X00 ;
 114   1        P06IOCFG=0X00 ;
 115   1        P07IOCFG=0X00 ;
 116   1      
C51 COMPILER V9.52.0.0   SYSINIT                                                           11/13/2024 09:06:20 PAGE 3   

 117   1        P10IOCFG=0X00 ;
 118   1        P11IOCFG=0X00 ;
 119   1        P12IOCFG=0X00 ;
 120   1        P13IOCFG=0X00 ;
 121   1        P14IOCFG=0X00 ;
 122   1        P15IOCFG=0X00 ;
 123   1        P16IOCFG=0X00 ;
 124   1        P17IOCFG=0X00 ;
 125   1      
 126   1        P20IOCFG=0X00 ;
 127   1        P21IOCFG=0X00 ;
 128   1        P22IOCFG=0X00 ;
 129   1        P23IOCFG=0X00 ;
 130   1        P24IOCFG=0X00 ;
 131   1        P25IOCFG=0X00 ;
 132   1        P26IOCFG=0X00 ;
 133   1        P27IOCFG=0X00 ;
 134   1      
 135   1        P30IOCFG=0X00 ;
 136   1        P31IOCFG=0X00 ;
 137   1      
 138   1          /*----------Io Current Config----------*/
 139   1        //驱动电流 Por default 00(00/11:6mA; 01:30mA; 10:60mA;)
 140   1        P0LDRVRL = 0x00 ;   
 141   1        P0LDRVRH = 0x00 ;
 142   1        P1LDRVRL = 0x00 ;   
 143   1        P1LDRVRH = 0x00 ;
 144   1        P2LDRVRL = 0x00 ;
 145   1        P2LDRVRH = 0x00 ;
 146   1        P3LDRVRL = 0x00 ;   
 147   1      
 148   1          /*----------Io Up/Down Config----------*/
 149   1        //上拉电阻选择 Por default 0(00:88K；01:10K; 10:4.5K; 11:2.2K)
 150   1        P0PURSELRL = 0x00 ;
 151   1        P0PURSELRH = 0x00 ;
 152   1        P1PURSELRL = 0x00 ;
 153   1        P1PURSELRH = 0x00 ;
 154   1        P2PURSELRL = 0x00 ;
 155   1        P2PURSELRH = 0x00 ;
 156   1        P3PURSELRL = 0x00 ;
 157   1      
 158   1          /*----------Io OpenDrain Config----------*/
 159   1        //开漏 Por default 0(禁止开漏)
 160   1        P0OD = 0x00 ;
 161   1        P1OD = 0x00 ;
 162   1        P2OD = 0x00 ;
 163   1        P3OD = 0x00 ;
 164   1          
 165   1          /*----------Io PortData----------*/
 166   1          //数据寄存器 Por default 1
 167   1        P0 = 0xFF ;
 168   1        P1 = 0xFF ;
 169   1        P2 = 0xFF ;
 170   1        P3 = 0xFF ;
 171   1        
 172   1          /*----------Io PortDirection Config----------*/    
 173   1        //方向 Por default 1(输入)
 174   1        P0OE = 0xFF ;
 175   1        P1OE = 0xFF ;
 176   1        P2OE = 0xFF ;
 177   1        P3OE = 0xFF ;
 178   1        
C51 COMPILER V9.52.0.0   SYSINIT                                                           11/13/2024 09:06:20 PAGE 4   

 179   1        /*----------Io PULLUP Config----------*/
 180   1        //上拉 Por default 0(禁止上拉)
 181   1        P0PU = 0xff ;
 182   1        P1PU = 0xff ;
 183   1        P2PU = 0xff ;
 184   1        P3PU = 0xff ;
 185   1      
 186   1        /*----------Io smith Config----------*/    
 187   1        //IO复用作为LCD功能时必需配置为0xff，否则必须配置为0x00； Por default 0x00(关闭)
 188   1        P0SMEN = 0x00 ;
 189   1        P1SMEN = 0x00 ;
 190   1        P2SMEN = 0x00 ;
 191   1        P3SMEN = 0x00 ;
 192   1      }
 193          
 194          
 195          
 196          /*********************************************************************************** 
 197          Function   : void User_IOInit(void)
 198          Description: 自定义IO（功能重映射、电流大小、上拉电阻大小、上下拉使能、开漏使能、数据、方向选择）
 199          Input      : No      
 200          Output     : No                   
 201          Return     : No
 202          ************************************************************************************/
 203          void User_IOInit(void)
 204          {
 205   1      //    P21IOCFG = 0x00;                    //IO功能
 206   1      //    P20IOCFG = 0x00;
 207   1      //    P02IOCFG = 0x00;
 208   1      //    P17IOCFG = 0x00;
 209   1      //    
 210   1      //    
 211   1      //    P2LDRVRL_1 = 0x04;                 //电流60ma
 212   1      //    P2LDRVRL_0 = 0x01;
 213   1      //    P0LDRVRL_2 = 0x10;
 214   1      //    P1LDRVRH_7 = 0x40;
 215   1      //    
 216   1      //    P2OE_1 = 0x00;                    //输出方向
 217   1      //    P2OE_0 = 0x00;
 218   1      //    P0OE_2 = 0x00;
 219   1      //    P1OE_7 = 0x00;
 220   1      //    
 221   1      //    P2_1 = 1;                         //共阳端
 222   1        
 223   1      //    P2_0 = 0;                         //LED低电平亮
 224   1      //    P0_2 = 0;
 225   1        
 226   1      
 227   1      
 228   1      
 229   1      //  //////touch
 230   1      //  P30IOCFG=0X08;  
 231   1      //  P25IOCFG=0X08;    
 232   1      //  P03IOCFG=0X08;
 233   1      //  P22IOCFG=0X08;    
 234   1      //  P3PU_0=0x00;
 235   1      //  P2PU_5=0x00;
 236   1      //  P0PU_3=0x00;
 237   1      //  P2PU_2=0x00;
 238   1      //  
 239   1      //  P20IOCFG = 0x00;                    //IO功能
 240   1      //  P07IOCFG = 0x00;
C51 COMPILER V9.52.0.0   SYSINIT                                                           11/13/2024 09:06:20 PAGE 5   

 241   1      //  P21IOCFG = 0x00;
 242   1      //  P02IOCFG = 0x00;
 243   1      //  P17IOCFG = 0x00;
 244   1      //  
 245   1      //  
 246   1      //  P2LDRVRL_0 = 0x01;                 //电流60ma
 247   1      //  P0LDRVRH_7 = 0x40;
 248   1      //  P2LDRVRL_1 = 0x04;
 249   1      //  P0LDRVRL_2 = 0x10;
 250   1      //  P1LDRVRH_7 = 0x40;
 251   1      //  
 252   1      //  P2OE_0 = 0x00;                 //输出方向
 253   1      //  P0OE_7 = 0x00;
 254   1      //  P2OE_1 = 0x00;
 255   1      //  P0OE_2 = 0x00;
 256   1      //  P1OE_7 = 0x00;
 257   1      //  
 258   1      //  P2_0 = 1;
 259   1      //  P0_7 =0;
 260   1      //  P2_1 =0;
 261   1      //  P0_2 =0;
 262   1      //  P1_7 =0;
 263   1        
 264   1        
 265   1        
 266   1      }
 267          


MODULE INFORMATION:   STATIC OVERLAYABLE
   CODE SIZE        =    400    ----
   CONSTANT SIZE    =   ----    ----
   XDATA SIZE       =   ----       4
   PDATA SIZE       =   ----    ----
   DATA SIZE        =   ----    ----
   IDATA SIZE       =   ----    ----
   BIT SIZE         =   ----    ----
   EDATA SIZE       =   ----    ----
   HDATA SIZE       =   ----    ----
   XDATA CONST SIZE =   ----    ----
   FAR CONST SIZE   =   ----    ----
END OF MODULE INFORMATION.


C51 COMPILATION COMPLETE.  0 WARNING(S),  0 ERROR(S)
